<?xml version="1.0" encoding="UTF-8"?>
<!-- Generated by org.testng.reporters.JUnitReportReporter -->
<testsuite skipped="0" hostname="YP1007034LT" name="com.automation.script.Invoke" tests="1" failures="0" timestamp="16 Aug 2018 05:37:59 GMT" time="4.890" errors="0">
  <testcase name="invokeBrowser" time="4.890" classname="com.automation.script.Invoke"/>
</testsuite> <!-- com.automation.script.Invoke -->
